Using pre-set license
Built from '2020.3/staging' branch; Version is '2020.3.17f1 (a4537701e4ab) revision 10769271'; Using compiler version '192528614'; Build Type 'Release'
OS: 'Windows 10 Pro; OS build 19042.1110; Version 2009; 64bit' Language: 'tr' Physical Memory: 16304 MB
BatchMode: 1, IsHumanControllingUs: 0, StartBugReporterOnCrash: 0, Is64bit: 1, IsPro: 0

COMMAND LINE ARGUMENTS:
C:\Program Files\Unity\Hub\Editor\2020.3.17f1\Editor\Unity.exe
-adb2
-batchMode
-noUpm
-name
AssetImportWorker0
-projectPath
C:/Users/LENOVO200429/Documents/GitHub/SceneDesign
-logFile
Logs/AssetImportWorker0.log
-srvPort
57943
Successfully changed project path to: C:/Users/LENOVO200429/Documents/GitHub/SceneDesign
C:/Users/LENOVO200429/Documents/GitHub/SceneDesign
Using Asset Import Pipeline V2.
Refreshing native plugins compatible for Editor in 37.37 ms, found 2 plugins.
Preloading 0 native plugins for Editor in 0.00 ms.
Initialize engine version: 2020.3.17f1 (a4537701e4ab)
[Subsystems] Discovering subsystems at path C:/Program Files/Unity/Hub/Editor/2020.3.17f1/Editor/Data/Resources/UnitySubsystems
[Subsystems] Discovering subsystems at path C:/Users/LENOVO200429/Documents/GitHub/SceneDesign/Assets
GfxDevice: creating device client; threaded=0
Direct3D:
    Version:  Direct3D 11.0 [level 11.1]
    Renderer: NVIDIA GeForce GTX 1660 Ti (ID=0x2191)
    Vendor:   
    VRAM:     5991 MB
    Driver:   27.21.14.5749
Initialize mono
Mono path[0] = 'C:/Program Files/Unity/Hub/Editor/2020.3.17f1/Editor/Data/Managed'
Mono path[1] = 'C:/Program Files/Unity/Hub/Editor/2020.3.17f1/Editor/Data/MonoBleedingEdge/lib/mono/unityjit'
Mono config path = 'C:/Program Files/Unity/Hub/Editor/2020.3.17f1/Editor/Data/MonoBleedingEdge/etc'
Using monoOptions --debugger-agent=transport=dt_socket,embedding=1,server=y,suspend=n,address=127.0.0.1:56940
Begin MonoManager ReloadAssembly
Registering precompiled unity dll's ...
Register platform support module: C:/Program Files/Unity/Hub/Editor/2020.3.17f1/Editor/Data/PlaybackEngines/WindowsStandaloneSupport/UnityEditor.WindowsStandalone.Extensions.dll
Registered in 0.002054 seconds.
Native extension for WindowsStandalone target not found
Refreshing native plugins compatible for Editor in 42.05 ms, found 2 plugins.
Preloading 0 native plugins for Editor in 0.00 ms.
Mono: successfully reloaded assembly
- Completed reload, in  2.148 seconds
Domain Reload Profiling:
	ReloadAssembly (2148ms)
		BeginReloadAssembly (53ms)
			ExecutionOrderSort (0ms)
			DisableScriptedObjects (0ms)
			BackupInstance (0ms)
			ReleaseScriptingObjects (0ms)
			CreateAndSetChildDomain (1ms)
		EndReloadAssembly (444ms)
			LoadAssemblies (51ms)
			RebuildTransferFunctionScriptingTraits (0ms)
			SetupTypeCache (142ms)
			ReleaseScriptCaches (0ms)
			RebuildScriptCaches (36ms)
			SetupLoadedEditorAssemblies (185ms)
				LogAssemblyErrors (0ms)
				InitializePlatformSupportModulesInManaged (5ms)
				SetLoadedEditorAssemblies (0ms)
				RefreshPlugins (42ms)
				BeforeProcessingInitializeOnLoad (13ms)
				ProcessInitializeOnLoadAttributes (89ms)
				ProcessInitializeOnLoadMethodAttributes (35ms)
				AfterProcessingInitializeOnLoad (0ms)
				EditorAssembliesLoaded (0ms)
			ExecutionOrderSort2 (0ms)
			AwakeInstancesAfterBackupRestoration (0ms)
Platform modules already initialized, skipping
Registering precompiled user dll's ...
Registered in 0.006432 seconds.
Begin MonoManager ReloadAssembly
Native extension for WindowsStandalone target not found
Refreshing native plugins compatible for Editor in 36.04 ms, found 2 plugins.
Preloading 0 native plugins for Editor in 0.00 ms.
Mono: successfully reloaded assembly
- Completed reload, in  1.549 seconds
Domain Reload Profiling:
	ReloadAssembly (1550ms)
		BeginReloadAssembly (138ms)
			ExecutionOrderSort (0ms)
			DisableScriptedObjects (5ms)
			BackupInstance (0ms)
			ReleaseScriptingObjects (0ms)
			CreateAndSetChildDomain (18ms)
		EndReloadAssembly (1351ms)
			LoadAssemblies (85ms)
			RebuildTransferFunctionScriptingTraits (0ms)
			SetupTypeCache (266ms)
			ReleaseScriptCaches (0ms)
			RebuildScriptCaches (79ms)
			SetupLoadedEditorAssemblies (779ms)
				LogAssemblyErrors (0ms)
				InitializePlatformSupportModulesInManaged (4ms)
				SetLoadedEditorAssemblies (0ms)
				RefreshPlugins (36ms)
				BeforeProcessingInitializeOnLoad (72ms)
				ProcessInitializeOnLoadAttributes (657ms)
				ProcessInitializeOnLoadMethodAttributes (4ms)
				AfterProcessingInitializeOnLoad (6ms)
				EditorAssembliesLoaded (0ms)
			ExecutionOrderSort2 (0ms)
			AwakeInstancesAfterBackupRestoration (6ms)
Platform modules already initialized, skipping
========================================================================
Worker process is ready to serve import requests
Launched and connected shader compiler UnityShaderCompiler.exe after 0.05 seconds
Refreshing native plugins compatible for Editor in 0.38 ms, found 2 plugins.
Preloading 0 native plugins for Editor in 0.00 ms.
Unloading 1613 Unused Serialized files (Serialized files now loaded: 0)
System memory in use before: 189.1 MB.
System memory in use after: 189.1 MB.

Unloading 30 unused Assets to reduce memory usage. Loaded Objects now: 2090.
Total: 2.754100 ms (FindLiveObjects: 0.153500 ms CreateObjectMapping: 0.050400 ms MarkObjects: 2.388600 ms  DeleteObjects: 0.160400 ms)

AssetImportParameters requested are different than current active one (requested -> active):
  custom:framework-win-MediaFoundation: 216162199b28c13a410421893ffa2e32 -> 
  custom:video-decoder-ogg-theora: a1e56fd34408186e4bbccfd4996cb3dc -> 
  custom:container-muxer-webm: aa71ff27fc2769a1b78a27578f13a17b -> 
  custom:container-demuxer-webm: 4f35f7cbe854078d1ac9338744f61a02 -> 
  custom:container-demuxer-ogg: 62fdf1f143b41e24485cea50d1cbac27 -> 
  custom:video-encoder-webm-vp8: eb34c28f22e8b96e1ab97ce403110664 -> 
  custom:video-decoder-webm-vp8: 9c59270c3fd7afecdb556c50c9e8de78 -> 
  custom:audio-decoder-ogg-vorbis: bf7c407c2cedff20999df2af8eb42d56 -> 
  custom:audio-encoder-webm-vorbis: bf7c407c2cedff20999df2af8eb42d56 -> 
========================================================================
Received Import Request.
  path: Assets/Boats/Prefabs/Boat_Covered.prefab
  artifactKey: Guid(24f324697730a37438d02ca03ac4737d) Importer(815301076,1909f56bfc062723c751e8b465ee728b)
Start importing Assets/Boats/Prefabs/Boat_Covered.prefab using Guid(24f324697730a37438d02ca03ac4737d) Importer(815301076,1909f56bfc062723c751e8b465ee728b)  -> (artifact id: '4099a1d547d5004932fe5cc861c3802f') in 0.188441 seconds 
  Import took 0.193431 seconds .

========================================================================
Received Import Request.
  Time since last request: 0.000545 seconds.
  path: Assets/Boats/Prefabs
  artifactKey: Guid(443793baafb5ac2458cf6ed8c4677160) Importer(815301076,1909f56bfc062723c751e8b465ee728b)
Start importing Assets/Boats/Prefabs using Guid(443793baafb5ac2458cf6ed8c4677160) Importer(815301076,1909f56bfc062723c751e8b465ee728b)  -> (artifact id: '4c707555475d718179a8f906b4c51f3c') in 0.001362 seconds 
  Import took 0.003592 seconds .

========================================================================
Received Import Request.
  Time since last request: 0.000368 seconds.
  path: Assets/Boats/Prefabs/OldWoodenRowboat.prefab
  artifactKey: Guid(e7c92673993d9c24b9a4ae3684fccc34) Importer(815301076,1909f56bfc062723c751e8b465ee728b)
Start importing Assets/Boats/Prefabs/OldWoodenRowboat.prefab using Guid(e7c92673993d9c24b9a4ae3684fccc34) Importer(815301076,1909f56bfc062723c751e8b465ee728b)  -> (artifact id: '817e8753e1e65f673c44017fd8732c71') in 0.050349 seconds 
  Import took 0.055160 seconds .

========================================================================
Received Import Request.
  Time since last request: 0.000244 seconds.
  path: Assets/Boats/Prefabs/OldWoodenRowboat_Complete.prefab
  artifactKey: Guid(a89eef680e28b83449e3a6ba46792fbe) Importer(815301076,1909f56bfc062723c751e8b465ee728b)
Start importing Assets/Boats/Prefabs/OldWoodenRowboat_Complete.prefab using Guid(a89eef680e28b83449e3a6ba46792fbe) Importer(815301076,1909f56bfc062723c751e8b465ee728b)  -> (artifact id: '4c605e9700498e0a955ee7706981fe7a') in 0.060848 seconds 
  Import took 0.065859 seconds .

========================================================================
Received Import Request.
  Time since last request: 0.000260 seconds.
  path: Assets/Boats/Prefabs/Paddle.prefab
  artifactKey: Guid(bb619725b065963488b1dad675c9e58f) Importer(815301076,1909f56bfc062723c751e8b465ee728b)
Start importing Assets/Boats/Prefabs/Paddle.prefab using Guid(bb619725b065963488b1dad675c9e58f) Importer(815301076,1909f56bfc062723c751e8b465ee728b)  -> (artifact id: '5994207d53048fb6d9d4b487331eb3a3') in 0.015698 seconds 
  Import took 0.019175 seconds .

========================================================================
Received Import Request.
  Time since last request: 0.000255 seconds.
  path: Assets/Boats/Prefabs/OldWoodenRowboat_Complete.prefab
  artifactKey: Guid(a89eef680e28b83449e3a6ba46792fbe) Importer(815301076,1909f56bfc062723c751e8b465ee728b)
Start importing Assets/Boats/Prefabs/OldWoodenRowboat_Complete.prefab using Guid(a89eef680e28b83449e3a6ba46792fbe) Importer(815301076,1909f56bfc062723c751e8b465ee728b)  -> (artifact id: '4c605e9700498e0a955ee7706981fe7a') in 0.069031 seconds 
  Import took 0.074354 seconds .

========================================================================
Received Import Request.
  Time since last request: 0.000311 seconds.
  path: Assets/Boats/Prefabs/Paddle.prefab
  artifactKey: Guid(bb619725b065963488b1dad675c9e58f) Importer(815301076,1909f56bfc062723c751e8b465ee728b)
Start importing Assets/Boats/Prefabs/Paddle.prefab using Guid(bb619725b065963488b1dad675c9e58f) Importer(815301076,1909f56bfc062723c751e8b465ee728b)  -> (artifact id: '5994207d53048fb6d9d4b487331eb3a3') in 0.019408 seconds 
  Import took 0.022638 seconds .

