Using pre-set license
Built from '2020.3/staging' branch; Version is '2020.3.17f1 (a4537701e4ab) revision 10769271'; Using compiler version '192528614'; Build Type 'Release'
OS: 'Windows 10 Pro; OS build 19042.1110; Version 2009; 64bit' Language: 'tr' Physical Memory: 16304 MB
BatchMode: 1, IsHumanControllingUs: 0, StartBugReporterOnCrash: 0, Is64bit: 1, IsPro: 0

COMMAND LINE ARGUMENTS:
C:\Program Files\Unity\Hub\Editor\2020.3.17f1\Editor\Unity.exe
-adb2
-batchMode
-noUpm
-name
AssetImportWorker0
-projectPath
C:/Users/LENOVO200429/Documents/GitHub/SceneDesign
-logFile
Logs/AssetImportWorker0.log
-srvPort
63118
Successfully changed project path to: C:/Users/LENOVO200429/Documents/GitHub/SceneDesign
C:/Users/LENOVO200429/Documents/GitHub/SceneDesign
Using Asset Import Pipeline V2.
Refreshing native plugins compatible for Editor in 39.44 ms, found 2 plugins.
Preloading 0 native plugins for Editor in 0.00 ms.
Initialize engine version: 2020.3.17f1 (a4537701e4ab)
[Subsystems] Discovering subsystems at path C:/Program Files/Unity/Hub/Editor/2020.3.17f1/Editor/Data/Resources/UnitySubsystems
[Subsystems] Discovering subsystems at path C:/Users/LENOVO200429/Documents/GitHub/SceneDesign/Assets
GfxDevice: creating device client; threaded=0
Direct3D:
    Version:  Direct3D 11.0 [level 11.1]
    Renderer: NVIDIA GeForce GTX 1660 Ti (ID=0x2191)
    Vendor:   
    VRAM:     5991 MB
    Driver:   27.21.14.5749
Initialize mono
Mono path[0] = 'C:/Program Files/Unity/Hub/Editor/2020.3.17f1/Editor/Data/Managed'
Mono path[1] = 'C:/Program Files/Unity/Hub/Editor/2020.3.17f1/Editor/Data/MonoBleedingEdge/lib/mono/unityjit'
Mono config path = 'C:/Program Files/Unity/Hub/Editor/2020.3.17f1/Editor/Data/MonoBleedingEdge/etc'
Using monoOptions --debugger-agent=transport=dt_socket,embedding=1,server=y,suspend=n,address=127.0.0.1:56488
Begin MonoManager ReloadAssembly
Registering precompiled unity dll's ...
Register platform support module: C:/Program Files/Unity/Hub/Editor/2020.3.17f1/Editor/Data/PlaybackEngines/WindowsStandaloneSupport/UnityEditor.WindowsStandalone.Extensions.dll
Registered in 0.001896 seconds.
Native extension for WindowsStandalone target not found
Refreshing native plugins compatible for Editor in 35.17 ms, found 2 plugins.
Preloading 0 native plugins for Editor in 0.00 ms.
Mono: successfully reloaded assembly
- Completed reload, in  1.196 seconds
Domain Reload Profiling:
	ReloadAssembly (1196ms)
		BeginReloadAssembly (57ms)
			ExecutionOrderSort (0ms)
			DisableScriptedObjects (0ms)
			BackupInstance (0ms)
			ReleaseScriptingObjects (0ms)
			CreateAndSetChildDomain (1ms)
		EndReloadAssembly (416ms)
			LoadAssemblies (53ms)
			RebuildTransferFunctionScriptingTraits (0ms)
			SetupTypeCache (142ms)
			ReleaseScriptCaches (0ms)
			RebuildScriptCaches (38ms)
			SetupLoadedEditorAssemblies (161ms)
				LogAssemblyErrors (0ms)
				InitializePlatformSupportModulesInManaged (5ms)
				SetLoadedEditorAssemblies (0ms)
				RefreshPlugins (35ms)
				BeforeProcessingInitializeOnLoad (13ms)
				ProcessInitializeOnLoadAttributes (81ms)
				ProcessInitializeOnLoadMethodAttributes (27ms)
				AfterProcessingInitializeOnLoad (0ms)
				EditorAssembliesLoaded (0ms)
			ExecutionOrderSort2 (0ms)
			AwakeInstancesAfterBackupRestoration (0ms)
Platform modules already initialized, skipping
Registering precompiled user dll's ...
Registered in 0.003708 seconds.
Begin MonoManager ReloadAssembly
Native extension for WindowsStandalone target not found
Refreshing native plugins compatible for Editor in 36.84 ms, found 2 plugins.
Preloading 0 native plugins for Editor in 0.00 ms.
Mono: successfully reloaded assembly
- Completed reload, in  1.522 seconds
Domain Reload Profiling:
	ReloadAssembly (1523ms)
		BeginReloadAssembly (142ms)
			ExecutionOrderSort (0ms)
			DisableScriptedObjects (5ms)
			BackupInstance (0ms)
			ReleaseScriptingObjects (0ms)
			CreateAndSetChildDomain (18ms)
		EndReloadAssembly (1321ms)
			LoadAssemblies (83ms)
			RebuildTransferFunctionScriptingTraits (0ms)
			SetupTypeCache (263ms)
			ReleaseScriptCaches (0ms)
			RebuildScriptCaches (54ms)
			SetupLoadedEditorAssemblies (798ms)
				LogAssemblyErrors (0ms)
				InitializePlatformSupportModulesInManaged (6ms)
				SetLoadedEditorAssemblies (0ms)
				RefreshPlugins (37ms)
				BeforeProcessingInitializeOnLoad (72ms)
				ProcessInitializeOnLoadAttributes (673ms)
				ProcessInitializeOnLoadMethodAttributes (4ms)
				AfterProcessingInitializeOnLoad (6ms)
				EditorAssembliesLoaded (0ms)
			ExecutionOrderSort2 (0ms)
			AwakeInstancesAfterBackupRestoration (7ms)
Platform modules already initialized, skipping
========================================================================
Worker process is ready to serve import requests
Launched and connected shader compiler UnityShaderCompiler.exe after 0.05 seconds
Refreshing native plugins compatible for Editor in 0.70 ms, found 2 plugins.
Preloading 0 native plugins for Editor in 0.00 ms.
Unloading 1613 Unused Serialized files (Serialized files now loaded: 0)
System memory in use before: 116.9 MB.
System memory in use after: 116.9 MB.

Unloading 30 unused Assets to reduce memory usage. Loaded Objects now: 2087.
Total: 4.056400 ms (FindLiveObjects: 0.309500 ms CreateObjectMapping: 0.115900 ms MarkObjects: 3.442800 ms  DeleteObjects: 0.186800 ms)

AssetImportParameters requested are different than current active one (requested -> active):
  custom:framework-win-MediaFoundation: 216162199b28c13a410421893ffa2e32 -> 
  custom:video-decoder-ogg-theora: a1e56fd34408186e4bbccfd4996cb3dc -> 
  custom:container-muxer-webm: aa71ff27fc2769a1b78a27578f13a17b -> 
  custom:container-demuxer-webm: 4f35f7cbe854078d1ac9338744f61a02 -> 
  custom:container-demuxer-ogg: 62fdf1f143b41e24485cea50d1cbac27 -> 
  custom:video-encoder-webm-vp8: eb34c28f22e8b96e1ab97ce403110664 -> 
  custom:video-decoder-webm-vp8: 9c59270c3fd7afecdb556c50c9e8de78 -> 
  custom:audio-decoder-ogg-vorbis: bf7c407c2cedff20999df2af8eb42d56 -> 
  custom:audio-encoder-webm-vorbis: bf7c407c2cedff20999df2af8eb42d56 -> 
========================================================================
Received Import Request.
  path: Assets/Toby Fredson/Rocky Hills Environment - Light Pack/Prefabs
  artifactKey: Guid(927db1f5977f7a04693e6965fd3463d6) Importer(815301076,1909f56bfc062723c751e8b465ee728b)
Start importing Assets/Toby Fredson/Rocky Hills Environment - Light Pack/Prefabs using Guid(927db1f5977f7a04693e6965fd3463d6) Importer(815301076,1909f56bfc062723c751e8b465ee728b)  -> (artifact id: '7f3888b68df3349a095f1acfd1318613') in 0.006026 seconds 
  Import took 0.010644 seconds .

========================================================================
Received Import Request.
  Time since last request: 0.000441 seconds.
  path: Assets/Toby Fredson/Rocky Hills Environment - Light Pack
  artifactKey: Guid(40c5d07d468ab9442a87de45bd0447e6) Importer(815301076,1909f56bfc062723c751e8b465ee728b)
Start importing Assets/Toby Fredson/Rocky Hills Environment - Light Pack using Guid(40c5d07d468ab9442a87de45bd0447e6) Importer(815301076,1909f56bfc062723c751e8b465ee728b)  -> (artifact id: '0f952ce66ddddca44369e1ef2f3b1cc5') in 0.002991 seconds 
  Import took 0.007393 seconds .

========================================================================
Received Import Request.
  Time since last request: 6.778966 seconds.
  path: Assets/Toby Fredson/Rocky Hills Environment - Light Pack/Prefabs/RHEF_Cave.prefab
  artifactKey: Guid(e318266f60803d548a4b409b52b39d8d) Importer(815301076,1909f56bfc062723c751e8b465ee728b)
Start importing Assets/Toby Fredson/Rocky Hills Environment - Light Pack/Prefabs/RHEF_Cave.prefab using Guid(e318266f60803d548a4b409b52b39d8d) Importer(815301076,1909f56bfc062723c751e8b465ee728b)  -> (artifact id: '35d0f7e63ebb843134101d862e73f42f') in 0.382892 seconds 
  Import took 0.390674 seconds .

========================================================================
Received Import Request.
  Time since last request: 0.000465 seconds.
  path: Assets/Toby Fredson/Rocky Hills Environment - Light Pack/Prefabs/RHEF_RockMediumA.prefab
  artifactKey: Guid(838aed2c0bd6e074383add6c6e347995) Importer(815301076,1909f56bfc062723c751e8b465ee728b)
Start importing Assets/Toby Fredson/Rocky Hills Environment - Light Pack/Prefabs/RHEF_RockMediumA.prefab using Guid(838aed2c0bd6e074383add6c6e347995) Importer(815301076,1909f56bfc062723c751e8b465ee728b)  -> (artifact id: '6a0886514995eab94218c72ba9822433') in 0.026745 seconds 
  Import took 0.030899 seconds .

========================================================================
Received Import Request.
  Time since last request: 0.000420 seconds.
  path: Assets/Toby Fredson/Rocky Hills Environment - Light Pack/Prefabs/RHEF_RockMediumC.prefab
  artifactKey: Guid(ff421997f346e314c82e73610f419ac1) Importer(815301076,1909f56bfc062723c751e8b465ee728b)
Start importing Assets/Toby Fredson/Rocky Hills Environment - Light Pack/Prefabs/RHEF_RockMediumC.prefab using Guid(ff421997f346e314c82e73610f419ac1) Importer(815301076,1909f56bfc062723c751e8b465ee728b)  -> (artifact id: 'be48dc4cc11e83d547e8a96b0c4fe052') in 0.136525 seconds 
  Import took 0.141747 seconds .

========================================================================
Received Import Request.
  Time since last request: 0.000373 seconds.
  path: Assets/Toby Fredson/Rocky Hills Environment - Light Pack/Prefabs/RHEF_SpruceTerrainB.prefab
  artifactKey: Guid(7afaeace60251cd4dae84b0f6e7e8804) Importer(815301076,1909f56bfc062723c751e8b465ee728b)
Start importing Assets/Toby Fredson/Rocky Hills Environment - Light Pack/Prefabs/RHEF_SpruceTerrainB.prefab using Guid(7afaeace60251cd4dae84b0f6e7e8804) Importer(815301076,1909f56bfc062723c751e8b465ee728b)  -> (artifact id: '77791d19600ae2aaecb67b59fb9017b0') in 0.089763 seconds 
  Import took 0.093538 seconds .

========================================================================
Received Import Request.
  Time since last request: 0.000269 seconds.
  path: Assets/Toby Fredson/Rocky Hills Environment - Light Pack/Prefabs/RHEF_RockMediumB.prefab
  artifactKey: Guid(46b49871773764447a894bbb1c459502) Importer(815301076,1909f56bfc062723c751e8b465ee728b)
Start importing Assets/Toby Fredson/Rocky Hills Environment - Light Pack/Prefabs/RHEF_RockMediumB.prefab using Guid(46b49871773764447a894bbb1c459502) Importer(815301076,1909f56bfc062723c751e8b465ee728b)  -> (artifact id: '0358650620c9e44a51d2cbcc9c205676') in 0.053550 seconds 
  Import took 0.058655 seconds .

========================================================================
Received Import Request.
  Time since last request: 0.000358 seconds.
  path: Assets/Toby Fredson/Rocky Hills Environment - Light Pack/Prefabs/RHEF_SpruceC.prefab
  artifactKey: Guid(2f54179bb3d458c4f8d350eba0f6856f) Importer(815301076,1909f56bfc062723c751e8b465ee728b)
Start importing Assets/Toby Fredson/Rocky Hills Environment - Light Pack/Prefabs/RHEF_SpruceC.prefab using Guid(2f54179bb3d458c4f8d350eba0f6856f) Importer(815301076,1909f56bfc062723c751e8b465ee728b)  -> (artifact id: '29b661fd1d2e8706571d5ed71024262d') in 0.730248 seconds 
  Import took 0.735687 seconds .

========================================================================
Received Import Request.
  Time since last request: 0.000521 seconds.
  path: Assets/Toby Fredson/Rocky Hills Environment - Light Pack/Prefabs/RHEF_SpruceA.prefab
  artifactKey: Guid(ddd082fb4672f6643be6891e17a84358) Importer(815301076,1909f56bfc062723c751e8b465ee728b)
Start importing Assets/Toby Fredson/Rocky Hills Environment - Light Pack/Prefabs/RHEF_SpruceA.prefab using Guid(ddd082fb4672f6643be6891e17a84358) Importer(815301076,1909f56bfc062723c751e8b465ee728b)  -> (artifact id: '8a71a596f22d08545d9b92e7288b229f') in 0.019339 seconds 
  Import took 0.024229 seconds .

========================================================================
Received Import Request.
  Time since last request: 0.000558 seconds.
  path: Assets/Toby Fredson/Rocky Hills Environment - Light Pack/Prefabs/RHEF_SpruceTerrainA.prefab
  artifactKey: Guid(156f975b5c133c846bd7dd4d6c726faf) Importer(815301076,1909f56bfc062723c751e8b465ee728b)
Start importing Assets/Toby Fredson/Rocky Hills Environment - Light Pack/Prefabs/RHEF_SpruceTerrainA.prefab using Guid(156f975b5c133c846bd7dd4d6c726faf) Importer(815301076,1909f56bfc062723c751e8b465ee728b)  -> (artifact id: '121cae38ab0437c326d7bce25cfe7cde') in 0.019862 seconds 
  Import took 0.024720 seconds .

========================================================================
Received Import Request.
  Time since last request: 0.000450 seconds.
  path: Assets/Toby Fredson/Rocky Hills Environment - Light Pack/Prefabs/RHEF_LowRockMedium.prefab
  artifactKey: Guid(0b77cb11615419c4ba1888ac53ce2718) Importer(815301076,1909f56bfc062723c751e8b465ee728b)
Start importing Assets/Toby Fredson/Rocky Hills Environment - Light Pack/Prefabs/RHEF_LowRockMedium.prefab using Guid(0b77cb11615419c4ba1888ac53ce2718) Importer(815301076,1909f56bfc062723c751e8b465ee728b)  -> (artifact id: 'bea8cab0303cdd5be9f095c6867d32ef') in 0.048200 seconds 
  Import took 0.053263 seconds .

========================================================================
Received Import Request.
  Time since last request: 0.000601 seconds.
  path: Assets/Toby Fredson/Rocky Hills Environment - Light Pack/Prefabs/RHEF_GenericCliffA.prefab
  artifactKey: Guid(b12c8b6046ef0604b96e60fe14b9c16e) Importer(815301076,1909f56bfc062723c751e8b465ee728b)
Start importing Assets/Toby Fredson/Rocky Hills Environment - Light Pack/Prefabs/RHEF_GenericCliffA.prefab using Guid(b12c8b6046ef0604b96e60fe14b9c16e) Importer(815301076,1909f56bfc062723c751e8b465ee728b)  -> (artifact id: '26b2ec982089f7512318dda8d8ee3abe') in 0.052281 seconds 
  Import took 0.057086 seconds .

========================================================================
Received Import Request.
  Time since last request: 0.000309 seconds.
  path: Assets/Toby Fredson/Rocky Hills Environment - Light Pack/Prefabs/RHEF_RockDetailsA.prefab
  artifactKey: Guid(5eb9966c8253a3649970e935258ad8d2) Importer(815301076,1909f56bfc062723c751e8b465ee728b)
Start importing Assets/Toby Fredson/Rocky Hills Environment - Light Pack/Prefabs/RHEF_RockDetailsA.prefab using Guid(5eb9966c8253a3649970e935258ad8d2) Importer(815301076,1909f56bfc062723c751e8b465ee728b)  -> (artifact id: '5e5f89e9ebc487cb1bd08f7c8701f54c') in 0.018119 seconds 
  Import took 0.023114 seconds .

========================================================================
Received Import Request.
  Time since last request: 0.000449 seconds.
  path: Assets/Toby Fredson/Rocky Hills Environment - Light Pack/Prefabs/RHEF_SpruceTerrainC.prefab
  artifactKey: Guid(000fe5e39bc5b2b44b03d5e5d4f40d7c) Importer(815301076,1909f56bfc062723c751e8b465ee728b)
Start importing Assets/Toby Fredson/Rocky Hills Environment - Light Pack/Prefabs/RHEF_SpruceTerrainC.prefab using Guid(000fe5e39bc5b2b44b03d5e5d4f40d7c) Importer(815301076,1909f56bfc062723c751e8b465ee728b)  -> (artifact id: '4413644fa51c170a3c43de9fc435cce5') in 0.017065 seconds 
  Import took 0.021308 seconds .

========================================================================
Received Import Request.
  Time since last request: 0.000347 seconds.
  path: Assets/Toby Fredson/Rocky Hills Environment - Light Pack/Prefabs/RHEF_GenericCliffB.prefab
  artifactKey: Guid(7fbdfd6f6f8e7b8459e7ec638775fbcc) Importer(815301076,1909f56bfc062723c751e8b465ee728b)
Start importing Assets/Toby Fredson/Rocky Hills Environment - Light Pack/Prefabs/RHEF_GenericCliffB.prefab using Guid(7fbdfd6f6f8e7b8459e7ec638775fbcc) Importer(815301076,1909f56bfc062723c751e8b465ee728b)  -> (artifact id: 'a5546c2f738b693e9453fa40e0068680') in 0.038848 seconds 
  Import took 0.044550 seconds .

========================================================================
Received Import Request.
  Time since last request: 0.000391 seconds.
  path: Assets/Toby Fredson/Rocky Hills Environment - Light Pack/Prefabs/RHEF_SpruceB.prefab
  artifactKey: Guid(9691faf058659e249801df471fd460bf) Importer(815301076,1909f56bfc062723c751e8b465ee728b)
Start importing Assets/Toby Fredson/Rocky Hills Environment - Light Pack/Prefabs/RHEF_SpruceB.prefab using Guid(9691faf058659e249801df471fd460bf) Importer(815301076,1909f56bfc062723c751e8b465ee728b)  -> (artifact id: 'b50ce4e1b20a8934cd564bce1269024a') in 0.023710 seconds 
  Import took 0.028093 seconds .

========================================================================
Received Import Request.
  Time since last request: 0.000291 seconds.
  path: Assets/Toby Fredson/Rocky Hills Environment - Light Pack/Prefabs/RHEF_RockDetailsB.prefab
  artifactKey: Guid(db0765e6c54e2234d9644377794d9ce6) Importer(815301076,1909f56bfc062723c751e8b465ee728b)
Start importing Assets/Toby Fredson/Rocky Hills Environment - Light Pack/Prefabs/RHEF_RockDetailsB.prefab using Guid(db0765e6c54e2234d9644377794d9ce6) Importer(815301076,1909f56bfc062723c751e8b465ee728b)  -> (artifact id: 'a1b77113accd7e3924d14471b280ff11') in 0.013049 seconds 
  Import took 0.017689 seconds .

========================================================================
Received Import Request.
  Time since last request: 1887.978531 seconds.
  path: Assets/PBR_Grass_Textures/Textures
  artifactKey: Guid(e17347300b0062c438881104428f3d7a) Importer(815301076,1909f56bfc062723c751e8b465ee728b)
Start importing Assets/PBR_Grass_Textures/Textures using Guid(e17347300b0062c438881104428f3d7a) Importer(815301076,1909f56bfc062723c751e8b465ee728b)  -> (artifact id: '1a1627dc46c51f099fc9f980bdd0bfcb') in 0.002570 seconds 
  Import took 0.008543 seconds .

========================================================================
Received Import Request.
  Time since last request: 0.001749 seconds.
  path: Assets/PBR_Grass_Textures/Textures
  artifactKey: Guid(e17347300b0062c438881104428f3d7a) Importer(815301076,1909f56bfc062723c751e8b465ee728b)
Start importing Assets/PBR_Grass_Textures/Textures using Guid(e17347300b0062c438881104428f3d7a) Importer(815301076,1909f56bfc062723c751e8b465ee728b)  -> (artifact id: '1a1627dc46c51f099fc9f980bdd0bfcb') in 0.001810 seconds 
  Import took 0.006452 seconds .

========================================================================
Received Import Request.
  Time since last request: 9.751647 seconds.
  path: Assets/GrassFlowers/Post-Processing For GrassFlowers.asset
  artifactKey: Guid(150fbd13cfcddb34ebc82b228a769165) Importer(815301076,1909f56bfc062723c751e8b465ee728b)
Start importing Assets/GrassFlowers/Post-Processing For GrassFlowers.asset using Guid(150fbd13cfcddb34ebc82b228a769165) Importer(815301076,1909f56bfc062723c751e8b465ee728b)  -> (artifact id: 'e929973134c60d9c3a23d3e15f3b3626') in 0.005022 seconds 
  Import took 0.010149 seconds .

========================================================================
Received Import Request.
  Time since last request: 1.110524 seconds.
  path: Assets/GrassFlowers/Textures
  artifactKey: Guid(46c1725cb7280074493bd8d9d2ab7468) Importer(815301076,1909f56bfc062723c751e8b465ee728b)
Start importing Assets/GrassFlowers/Textures using Guid(46c1725cb7280074493bd8d9d2ab7468) Importer(815301076,1909f56bfc062723c751e8b465ee728b)  -> (artifact id: '0e1d19460606c4af1bbad1381cbb4567') in 0.002157 seconds 
  Import took 0.007377 seconds .

========================================================================
Received Import Request.
  Time since last request: 0.001430 seconds.
  path: Assets/GrassFlowers/Textures
  artifactKey: Guid(46c1725cb7280074493bd8d9d2ab7468) Importer(815301076,1909f56bfc062723c751e8b465ee728b)
Start importing Assets/GrassFlowers/Textures using Guid(46c1725cb7280074493bd8d9d2ab7468) Importer(815301076,1909f56bfc062723c751e8b465ee728b)  -> (artifact id: '0e1d19460606c4af1bbad1381cbb4567') in 0.002061 seconds 
  Import took 0.007008 seconds .

========================================================================
Received Import Request.
  Time since last request: 1.004914 seconds.
  path: Assets/GrassFlowers/Textures/GrassFlowers
  artifactKey: Guid(6c0cbfdcc9b9ae64f9ddd77c2003e193) Importer(815301076,1909f56bfc062723c751e8b465ee728b)
Start importing Assets/GrassFlowers/Textures/GrassFlowers using Guid(6c0cbfdcc9b9ae64f9ddd77c2003e193) Importer(815301076,1909f56bfc062723c751e8b465ee728b)  -> (artifact id: 'c1169a85014eaba6ed41a314b460928b') in 0.001856 seconds 
  Import took 0.006510 seconds .

========================================================================
Received Import Request.
  Time since last request: 10.218006 seconds.
  path: Assets/Standard Assets/Environment
  artifactKey: Guid(6ca8c4e270f964e0da9f731d7d34b123) Importer(815301076,1909f56bfc062723c751e8b465ee728b)
Start importing Assets/Standard Assets/Environment using Guid(6ca8c4e270f964e0da9f731d7d34b123) Importer(815301076,1909f56bfc062723c751e8b465ee728b)  -> (artifact id: '44de2c96d9c77c136061e3dedd61c662') in 0.002621 seconds 
  Import took 0.008087 seconds .

========================================================================
Received Import Request.
  Time since last request: 0.001566 seconds.
  path: Assets/Standard Assets/Environment
  artifactKey: Guid(6ca8c4e270f964e0da9f731d7d34b123) Importer(815301076,1909f56bfc062723c751e8b465ee728b)
Start importing Assets/Standard Assets/Environment using Guid(6ca8c4e270f964e0da9f731d7d34b123) Importer(815301076,1909f56bfc062723c751e8b465ee728b)  -> (artifact id: '44de2c96d9c77c136061e3dedd61c662') in 0.001955 seconds 
  Import took 0.006756 seconds .

========================================================================
Received Import Request.
  Time since last request: 2.604786 seconds.
  path: Assets/Standard Assets/Environment/TerrainAssets
  artifactKey: Guid(7e6f84bf81c8d4de280f1133cff7e601) Importer(815301076,1909f56bfc062723c751e8b465ee728b)
Start importing Assets/Standard Assets/Environment/TerrainAssets using Guid(7e6f84bf81c8d4de280f1133cff7e601) Importer(815301076,1909f56bfc062723c751e8b465ee728b)  -> (artifact id: 'cec3746ee4f533211ea6f80b35f70c09') in 0.002676 seconds 
  Import took 0.008032 seconds .

========================================================================
Received Import Request.
  Time since last request: 0.001410 seconds.
  path: Assets/Standard Assets/Environment/TerrainAssets
  artifactKey: Guid(7e6f84bf81c8d4de280f1133cff7e601) Importer(815301076,1909f56bfc062723c751e8b465ee728b)
Start importing Assets/Standard Assets/Environment/TerrainAssets using Guid(7e6f84bf81c8d4de280f1133cff7e601) Importer(815301076,1909f56bfc062723c751e8b465ee728b)  -> (artifact id: 'cec3746ee4f533211ea6f80b35f70c09') in 0.002090 seconds 
  Import took 0.007256 seconds .

========================================================================
Received Import Request.
  Time since last request: 1.157221 seconds.
  path: Assets/Standard Assets/Environment/TerrainAssets/SurfaceTextures
  artifactKey: Guid(4f9d71771b07cb6438e0d35b038b43a7) Importer(815301076,1909f56bfc062723c751e8b465ee728b)
Start importing Assets/Standard Assets/Environment/TerrainAssets/SurfaceTextures using Guid(4f9d71771b07cb6438e0d35b038b43a7) Importer(815301076,1909f56bfc062723c751e8b465ee728b)  -> (artifact id: 'c9658dd3c13ec40bf724f0a4974a31c0') in 0.002688 seconds 
  Import took 0.007995 seconds .

========================================================================
Received Import Request.
  Time since last request: 0.000682 seconds.
  path: Assets/Standard Assets/Environment/TerrainAssets/SurfaceTextures
  artifactKey: Guid(4f9d71771b07cb6438e0d35b038b43a7) Importer(815301076,1909f56bfc062723c751e8b465ee728b)
Start importing Assets/Standard Assets/Environment/TerrainAssets/SurfaceTextures using Guid(4f9d71771b07cb6438e0d35b038b43a7) Importer(815301076,1909f56bfc062723c751e8b465ee728b)  -> (artifact id: 'c9658dd3c13ec40bf724f0a4974a31c0') in 0.002190 seconds 
  Import took 0.006730 seconds .

========================================================================
Received Import Request.
  Time since last request: 362.754432 seconds.
  path: Assets/PBR_Grass_Textures/Scripts
  artifactKey: Guid(204122b84026fba4bb1e2bb46271a3d2) Importer(815301076,1909f56bfc062723c751e8b465ee728b)
Start importing Assets/PBR_Grass_Textures/Scripts using Guid(204122b84026fba4bb1e2bb46271a3d2) Importer(815301076,1909f56bfc062723c751e8b465ee728b)  -> (artifact id: 'ab04fe6c3e577e8fc9d0f658a0cfbb32') in 0.003099 seconds 
  Import took 0.009064 seconds .

========================================================================
Received Import Request.
  Time since last request: 13.713286 seconds.
  path: Assets/Samples/Terrain Tools/0.1.0-preview/Terrain Assets/TerrainTextures
  artifactKey: Guid(caa608aed10c4ac40ad6a566f8b777ae) Importer(815301076,1909f56bfc062723c751e8b465ee728b)
Start importing Assets/Samples/Terrain Tools/0.1.0-preview/Terrain Assets/TerrainTextures using Guid(caa608aed10c4ac40ad6a566f8b777ae) Importer(815301076,1909f56bfc062723c751e8b465ee728b)  -> (artifact id: 'e2aac122f32d46133dacda8676a7c5e3') in 0.002291 seconds 
  Import took 0.007564 seconds .

========================================================================
Received Import Request.
  Time since last request: 160.665183 seconds.
  path: Assets/Terrain/Terrain_0_0_5ab65e9a-92f1-4e07-b4d9-da47b9d4c320.asset
  artifactKey: Guid(3f98f4a6d3eecda49be86cfc150b50bf) Importer(815301076,1909f56bfc062723c751e8b465ee728b)
Start importing Assets/Terrain/Terrain_0_0_5ab65e9a-92f1-4e07-b4d9-da47b9d4c320.asset using Guid(3f98f4a6d3eecda49be86cfc150b50bf) Importer(815301076,1909f56bfc062723c751e8b465ee728b)  -> (artifact id: '62811c536f8f5ebcb3df8bf374ad8884') in 0.116191 seconds 
  Import took 0.122053 seconds .

========================================================================
Received Import Request.
  Time since last request: 0.000513 seconds.
  path: Assets/Terrain/Terrain_0_0_298c6316-ec6e-421c-90b5-0e3cd3220ad8.asset
  artifactKey: Guid(190f2ef2bd34be5469954a470ff23034) Importer(815301076,1909f56bfc062723c751e8b465ee728b)
Start importing Assets/Terrain/Terrain_0_0_298c6316-ec6e-421c-90b5-0e3cd3220ad8.asset using Guid(190f2ef2bd34be5469954a470ff23034) Importer(815301076,1909f56bfc062723c751e8b465ee728b)  -> (artifact id: '703f38626fac4fc79609c518ccf44771') in 0.025767 seconds 
  Import took 0.029775 seconds .

========================================================================
Received Import Request.
  Time since last request: 0.000331 seconds.
  path: Assets/Terrain/TerrainData_7ed94328-cb3c-48ef-9837-0123a34f2556.asset
  artifactKey: Guid(b5f9114d2572d1c46873b20f37291112) Importer(815301076,1909f56bfc062723c751e8b465ee728b)
Start importing Assets/Terrain/TerrainData_7ed94328-cb3c-48ef-9837-0123a34f2556.asset using Guid(b5f9114d2572d1c46873b20f37291112) Importer(815301076,1909f56bfc062723c751e8b465ee728b)  -> (artifact id: 'cc571acca3b0da8f7c54703fe0f66512') in 0.057979 seconds 
  Import took 0.063387 seconds .

========================================================================
Received Import Request.
  Time since last request: 0.000562 seconds.
  path: Assets/Terrain/TerrainData_26ca00f7-2f07-42be-af11-ba876a1b4abd.asset
  artifactKey: Guid(fba2434f21cccf8409dd3567875eb8f0) Importer(815301076,1909f56bfc062723c751e8b465ee728b)
Start importing Assets/Terrain/TerrainData_26ca00f7-2f07-42be-af11-ba876a1b4abd.asset using Guid(fba2434f21cccf8409dd3567875eb8f0) Importer(815301076,1909f56bfc062723c751e8b465ee728b)  -> (artifact id: '3af38db0b0b273fb606750211985166a') in 0.013328 seconds 
  Import took 0.018587 seconds .

========================================================================
Received Import Request.
  Time since last request: 0.000541 seconds.
  path: Assets/Terrain/TerrainData_c49a4a45-413a-4aa2-b69d-5c6b17918fc4.asset
  artifactKey: Guid(20d04c32269fe6a40b19c724a34ebc9d) Importer(815301076,1909f56bfc062723c751e8b465ee728b)
Start importing Assets/Terrain/TerrainData_c49a4a45-413a-4aa2-b69d-5c6b17918fc4.asset using Guid(20d04c32269fe6a40b19c724a34ebc9d) Importer(815301076,1909f56bfc062723c751e8b465ee728b)  -> (artifact id: '7a12c0bd0b9c8ba34d1b53f0ee752a75') in 0.051785 seconds 
  Import took 0.056945 seconds .

========================================================================
Received Import Request.
  Time since last request: 0.000419 seconds.
  path: Assets/Terrain/TerrainData_b2625c73-19d4-4f56-8a46-a82478312520.asset
  artifactKey: Guid(c82758478a7b7134ab400f5a78477252) Importer(815301076,1909f56bfc062723c751e8b465ee728b)
Start importing Assets/Terrain/TerrainData_b2625c73-19d4-4f56-8a46-a82478312520.asset using Guid(c82758478a7b7134ab400f5a78477252) Importer(815301076,1909f56bfc062723c751e8b465ee728b)  -> (artifact id: 'c564370ed589244e8533f591823850bd') in 0.011859 seconds 
  Import took 0.016728 seconds .

========================================================================
Received Import Request.
  Time since last request: 0.000469 seconds.
  path: Assets/Terrain/TerrainData_28b45c9d-f218-4862-a60e-5556b742ab8e.asset
  artifactKey: Guid(0a948c06dddadf3499147fa74dfdba01) Importer(815301076,1909f56bfc062723c751e8b465ee728b)
Start importing Assets/Terrain/TerrainData_28b45c9d-f218-4862-a60e-5556b742ab8e.asset using Guid(0a948c06dddadf3499147fa74dfdba01) Importer(815301076,1909f56bfc062723c751e8b465ee728b)  -> (artifact id: 'b6a1e910b822d7fe2b94b05427eeb183') in 0.050986 seconds 
  Import took 0.056468 seconds .

========================================================================
Received Import Request.
  Time since last request: 0.000413 seconds.
  path: Assets/Terrain/TerrainData_48ab370e-5396-401c-ac5c-5ea831ce62ef.asset
  artifactKey: Guid(715e93169864e6546b3e4ae61996f045) Importer(815301076,1909f56bfc062723c751e8b465ee728b)
Start importing Assets/Terrain/TerrainData_48ab370e-5396-401c-ac5c-5ea831ce62ef.asset using Guid(715e93169864e6546b3e4ae61996f045) Importer(815301076,1909f56bfc062723c751e8b465ee728b)  -> (artifact id: 'f049737cae8c33b42ca8e98a0aa3dd3e') in 0.012561 seconds 
  Import took 0.017723 seconds .

========================================================================
Received Import Request.
  Time since last request: 0.000435 seconds.
  path: Assets/Terrain/TerrainData_36d30ccd-ef2b-4422-a694-7d87239635ca.asset
  artifactKey: Guid(b5a5b7c17b3df4a42b1228daea998b59) Importer(815301076,1909f56bfc062723c751e8b465ee728b)
Start importing Assets/Terrain/TerrainData_36d30ccd-ef2b-4422-a694-7d87239635ca.asset using Guid(b5a5b7c17b3df4a42b1228daea998b59) Importer(815301076,1909f56bfc062723c751e8b465ee728b)  -> (artifact id: '2a992ceb8276252fecea48a70fd062f3') in 0.011244 seconds 
  Import took 0.014814 seconds .

========================================================================
Received Import Request.
  Time since last request: 0.000331 seconds.
  path: Assets/Terrain/TerrainData_2cefa2a1-818f-4364-a9a9-99161e1ed516.asset
  artifactKey: Guid(2a1127c17a10e8f48bf0a46bb7605835) Importer(815301076,1909f56bfc062723c751e8b465ee728b)
Start importing Assets/Terrain/TerrainData_2cefa2a1-818f-4364-a9a9-99161e1ed516.asset using Guid(2a1127c17a10e8f48bf0a46bb7605835) Importer(815301076,1909f56bfc062723c751e8b465ee728b)  -> (artifact id: 'e806964083d8fe7cb9c003b9256a1688') in 0.011003 seconds 
  Import took 0.015823 seconds .

========================================================================
Received Import Request.
  Time since last request: 0.000384 seconds.
  path: Assets/Terrain/TerrainData_7d6806e2-2cc7-47ff-b659-06ed79eba3f7.asset
  artifactKey: Guid(1ed1b6c6b0d824b44acd59e4a51b0db1) Importer(815301076,1909f56bfc062723c751e8b465ee728b)
Start importing Assets/Terrain/TerrainData_7d6806e2-2cc7-47ff-b659-06ed79eba3f7.asset using Guid(1ed1b6c6b0d824b44acd59e4a51b0db1) Importer(815301076,1909f56bfc062723c751e8b465ee728b)  -> (artifact id: '75521bc38b8e9db998803223019c5a8b') in 0.014801 seconds 
  Import took 0.019375 seconds .

========================================================================
Received Import Request.
  Time since last request: 4.386836 seconds.
  path: Assets/Tree9/Materials
  artifactKey: Guid(0b126e19a3d99c442b1dd5a8f8f4f143) Importer(815301076,1909f56bfc062723c751e8b465ee728b)
Start importing Assets/Tree9/Materials using Guid(0b126e19a3d99c442b1dd5a8f8f4f143) Importer(815301076,1909f56bfc062723c751e8b465ee728b)  -> (artifact id: '651d133d505ba6314b0879e17891c122') in 0.002437 seconds 
  Import took 0.007868 seconds .

========================================================================
Received Import Request.
  Time since last request: 0.052038 seconds.
  path: Assets/Tree9/Materials/leaf.mat
  artifactKey: Guid(3b81562ccc7e92543a108e811251a16f) Importer(815301076,1909f56bfc062723c751e8b465ee728b)
Start importing Assets/Tree9/Materials/leaf.mat using Guid(3b81562ccc7e92543a108e811251a16f) Importer(815301076,1909f56bfc062723c751e8b465ee728b)  -> (artifact id: 'd8bce51d42539ea65462b997917a22d6') in 0.049159 seconds 
  Import took 0.053665 seconds .

========================================================================
Received Import Request.
  Time since last request: 1.717566 seconds.
  path: Assets/_TerrainAutoUpgrade/layer_MRLFGenericRockGrass_AlbedoBMRLFGenericRockGrass_NormalB3d3aba195e4d26ee.terrainlayer
  artifactKey: Guid(05c5fa4f1c5119545aa196a53c6cacba) Importer(815301076,1909f56bfc062723c751e8b465ee728b)
Start importing Assets/_TerrainAutoUpgrade/layer_MRLFGenericRockGrass_AlbedoBMRLFGenericRockGrass_NormalB3d3aba195e4d26ee.terrainlayer using Guid(05c5fa4f1c5119545aa196a53c6cacba) Importer(815301076,1909f56bfc062723c751e8b465ee728b)  -> (artifact id: '28f218b2bd31feaddbe44973460cbfbc') in 0.027175 seconds 
  Import took 0.033403 seconds .

========================================================================
Received Import Request.
  Time since last request: 0.000749 seconds.
  path: Assets/_TerrainAutoUpgrade/layer_MRLFGenericRockGrass_DiffuseMRLFGenericRockGrass_Normal312cdf1c675cb011.terrainlayer
  artifactKey: Guid(1b791550ec68eba4dae9c0facf061578) Importer(815301076,1909f56bfc062723c751e8b465ee728b)
Start importing Assets/_TerrainAutoUpgrade/layer_MRLFGenericRockGrass_DiffuseMRLFGenericRockGrass_Normal312cdf1c675cb011.terrainlayer using Guid(1b791550ec68eba4dae9c0facf061578) Importer(815301076,1909f56bfc062723c751e8b465ee728b)  -> (artifact id: '7ec55aa3063f4ca57f0ee22d89f161ce') in 0.026295 seconds 
  Import took 0.031626 seconds .

========================================================================
Received Import Request.
  Time since last request: 0.000504 seconds.
  path: Assets/_TerrainAutoUpgrade/layer_MRLFGenericRockGrass_DiffuseMRLFGenericRockGrass_Normal3d3aba195e4d26ee.terrainlayer
  artifactKey: Guid(8ef00e4645630c746ae5e72e57032fa6) Importer(815301076,1909f56bfc062723c751e8b465ee728b)
Start importing Assets/_TerrainAutoUpgrade/layer_MRLFGenericRockGrass_DiffuseMRLFGenericRockGrass_Normal3d3aba195e4d26ee.terrainlayer using Guid(8ef00e4645630c746ae5e72e57032fa6) Importer(815301076,1909f56bfc062723c751e8b465ee728b)  -> (artifact id: 'f9e7d5418e8b0f0bbd448005fdbe16c6') in 0.023437 seconds 
  Import took 0.028957 seconds .

========================================================================
Received Import Request.
  Time since last request: 0.000355 seconds.
  path: Assets/_TerrainAutoUpgrade/layer_MRLFGenericRockGrass_DiffuseMRLFGenericRockGrass_Normal4a04ae78e003058e.terrainlayer
  artifactKey: Guid(c896fd2e94144574e9b6fc16bbf77aae) Importer(815301076,1909f56bfc062723c751e8b465ee728b)
Start importing Assets/_TerrainAutoUpgrade/layer_MRLFGenericRockGrass_DiffuseMRLFGenericRockGrass_Normal4a04ae78e003058e.terrainlayer using Guid(c896fd2e94144574e9b6fc16bbf77aae) Importer(815301076,1909f56bfc062723c751e8b465ee728b)  -> (artifact id: '4ce606c9dd202a5f2aa6eec4dffea0ce') in 0.021943 seconds 
  Import took 0.028590 seconds .

========================================================================
Received Import Request.
  Time since last request: 0.000471 seconds.
  path: Assets/_TerrainAutoUpgrade/layer_MRLFGenericRockGrass_DiffuseMRLFGenericRockGrass_Normal3d3aba195e4d26ee.terrainlayer
  artifactKey: Guid(8ef00e4645630c746ae5e72e57032fa6) Importer(815301076,1909f56bfc062723c751e8b465ee728b)
Start importing Assets/_TerrainAutoUpgrade/layer_MRLFGenericRockGrass_DiffuseMRLFGenericRockGrass_Normal3d3aba195e4d26ee.terrainlayer using Guid(8ef00e4645630c746ae5e72e57032fa6) Importer(815301076,1909f56bfc062723c751e8b465ee728b)  -> (artifact id: 'f9e7d5418e8b0f0bbd448005fdbe16c6') in 0.021269 seconds 
  Import took 0.027965 seconds .

========================================================================
Received Import Request.
  Time since last request: 0.000465 seconds.
  path: Assets/_TerrainAutoUpgrade/layer_MRLGenericGrass_DiffuseMRLGenericGrass_Normal3d3aba195e4d26ee.terrainlayer
  artifactKey: Guid(ccf0c763a1a7bc14cac5a890052666e0) Importer(815301076,1909f56bfc062723c751e8b465ee728b)
Start importing Assets/_TerrainAutoUpgrade/layer_MRLGenericGrass_DiffuseMRLGenericGrass_Normal3d3aba195e4d26ee.terrainlayer using Guid(ccf0c763a1a7bc14cac5a890052666e0) Importer(815301076,1909f56bfc062723c751e8b465ee728b)  -> (artifact id: '7b060b836856118a9a1d255a8086e9d1') in 0.020752 seconds 
  Import took 0.026708 seconds .

========================================================================
Received Import Request.
  Time since last request: 3.606511 seconds.
  path: Assets/Toby Fredson/Rocky Hills Environment - Light Pack/Textures/MRLFGenericRockGrass_Diffuse.png
  artifactKey: Guid(4e378473470043248af9eee2da286ac1) Importer(815301076,1909f56bfc062723c751e8b465ee728b)
Start importing Assets/Toby Fredson/Rocky Hills Environment - Light Pack/Textures/MRLFGenericRockGrass_Diffuse.png using Guid(4e378473470043248af9eee2da286ac1) Importer(815301076,1909f56bfc062723c751e8b465ee728b)  -> (artifact id: '3ce29a839e458878e16a76044c5dfb81') in 0.063112 seconds 
  Import took 0.068198 seconds .

========================================================================
Received Import Request.
  Time since last request: 0.000450 seconds.
  path: Assets/Toby Fredson/Rocky Hills Environment - Light Pack/Normals/MRLFGenericRockGrass_Normal.png
  artifactKey: Guid(eb27eae67d189cb499cceefbbf8d8616) Importer(815301076,1909f56bfc062723c751e8b465ee728b)
Start importing Assets/Toby Fredson/Rocky Hills Environment - Light Pack/Normals/MRLFGenericRockGrass_Normal.png using Guid(eb27eae67d189cb499cceefbbf8d8616) Importer(815301076,1909f56bfc062723c751e8b465ee728b)  -> (artifact id: 'db3048306a90f9ec7cfc46d409d24f01') in 0.023995 seconds 
  Import took 0.029795 seconds .

========================================================================
Received Import Request.
  Time since last request: 0.000553 seconds.
  path: Assets/Toby Fredson/Rocky Hills Environment - Light Pack/Textures/MRLFGenericRockGrass_Diffuse.png
  artifactKey: Guid(4e378473470043248af9eee2da286ac1) Importer(815301076,1909f56bfc062723c751e8b465ee728b)
Start importing Assets/Toby Fredson/Rocky Hills Environment - Light Pack/Textures/MRLFGenericRockGrass_Diffuse.png using Guid(4e378473470043248af9eee2da286ac1) Importer(815301076,1909f56bfc062723c751e8b465ee728b)  -> (artifact id: '3ce29a839e458878e16a76044c5dfb81') in 0.016446 seconds 
  Import took 0.020844 seconds .

========================================================================
Received Import Request.
  Time since last request: 1.862556 seconds.
  path: Assets/Toby Fredson/Rocky Hills Environment - Light Pack/Textures/MRLGenericGrass_Diffuse.png
  artifactKey: Guid(7a65ad496b392f04c930c675e446e935) Importer(815301076,1909f56bfc062723c751e8b465ee728b)
Start importing Assets/Toby Fredson/Rocky Hills Environment - Light Pack/Textures/MRLGenericGrass_Diffuse.png using Guid(7a65ad496b392f04c930c675e446e935) Importer(815301076,1909f56bfc062723c751e8b465ee728b)  -> (artifact id: '024b48e4ee977bc3e93a94cbcf9eaf6a') in 0.012273 seconds 
  Import took 0.016567 seconds .

========================================================================
Received Import Request.
  Time since last request: 0.000354 seconds.
  path: Assets/Toby Fredson/Rocky Hills Environment - Light Pack/Normals/MRLGenericGrass_Normal.png
  artifactKey: Guid(69ccd7b6580105545993617c741e294f) Importer(815301076,1909f56bfc062723c751e8b465ee728b)
Start importing Assets/Toby Fredson/Rocky Hills Environment - Light Pack/Normals/MRLGenericGrass_Normal.png using Guid(69ccd7b6580105545993617c741e294f) Importer(815301076,1909f56bfc062723c751e8b465ee728b)  -> (artifact id: '21160d442daef49561a891403a2dcb47') in 0.023985 seconds 
  Import took 0.030954 seconds .

========================================================================
Received Import Request.
  Time since last request: 3.634689 seconds.
  path: Assets/GrassFlowers/Demo
  artifactKey: Guid(90a98d1ca0ff3f34b817aee6ee27e766) Importer(815301076,1909f56bfc062723c751e8b465ee728b)
Start importing Assets/GrassFlowers/Demo using Guid(90a98d1ca0ff3f34b817aee6ee27e766) Importer(815301076,1909f56bfc062723c751e8b465ee728b)  -> (artifact id: '2788272244d534a24ae49a7088ddd0a6') in 0.002564 seconds 
  Import took 0.007805 seconds .

========================================================================
Received Import Request.
  Time since last request: 1.940215 seconds.
  path: Assets/GrassFlowers/Textures/Ground
  artifactKey: Guid(1778770213e6d284eafc7eaa31ef8f4c) Importer(815301076,1909f56bfc062723c751e8b465ee728b)
Start importing Assets/GrassFlowers/Textures/Ground using Guid(1778770213e6d284eafc7eaa31ef8f4c) Importer(815301076,1909f56bfc062723c751e8b465ee728b)  -> (artifact id: 'd387ba05ebcb884ccc23e0c34a7f2a1b') in 0.002775 seconds 
  Import took 0.009226 seconds .

========================================================================
Received Import Request.
  Time since last request: 40.472593 seconds.
  path: Assets/NewLayer 1.terrainlayer
  artifactKey: Guid(a3bad661cee0ac44bb7d5ea3e6d2198d) Importer(815301076,1909f56bfc062723c751e8b465ee728b)
Start importing Assets/NewLayer 1.terrainlayer using Guid(a3bad661cee0ac44bb7d5ea3e6d2198d) Importer(815301076,1909f56bfc062723c751e8b465ee728b)  -> (artifact id: '8b7349d2ed205a4a07bb83bdceedde93') in 0.027143 seconds 
  Import took 0.032482 seconds .

========================================================================
Received Import Request.
  Time since last request: 0.000566 seconds.
  path: Assets/NewLayer 3.terrainlayer
  artifactKey: Guid(c5aeb111126889145a1cb8acc9e756d7) Importer(815301076,1909f56bfc062723c751e8b465ee728b)
Start importing Assets/NewLayer 3.terrainlayer using Guid(c5aeb111126889145a1cb8acc9e756d7) Importer(815301076,1909f56bfc062723c751e8b465ee728b)  -> (artifact id: 'bd75ef6eb26a0b9664c33b328845440a') in 0.014887 seconds 
  Import took 0.019287 seconds .

========================================================================
Received Import Request.
  Time since last request: 0.000389 seconds.
  path: Assets/NewLayer 5.terrainlayer
  artifactKey: Guid(01c9c3e6d6fb0c947b1e4a83a9025913) Importer(815301076,1909f56bfc062723c751e8b465ee728b)
Start importing Assets/NewLayer 5.terrainlayer using Guid(01c9c3e6d6fb0c947b1e4a83a9025913) Importer(815301076,1909f56bfc062723c751e8b465ee728b)  -> (artifact id: '842ea06c75e93be9af12ec26e324680b') in 0.068280 seconds 
  Import took 0.073123 seconds .

========================================================================
Received Import Request.
  Time since last request: 0.000539 seconds.
  path: Assets/NewLayer 4.terrainlayer
  artifactKey: Guid(0995ba8f41779bb44ba922cd46f589ae) Importer(815301076,1909f56bfc062723c751e8b465ee728b)
Start importing Assets/NewLayer 4.terrainlayer using Guid(0995ba8f41779bb44ba922cd46f589ae) Importer(815301076,1909f56bfc062723c751e8b465ee728b)  -> (artifact id: 'dc1e480a2a60f62b933d5372d0ed6512') in 0.010970 seconds 
  Import took 0.015433 seconds .

========================================================================
Received Import Request.
  Time since last request: 0.000437 seconds.
  path: Assets/NewLayer 2.terrainlayer
  artifactKey: Guid(6fce4297d3fd2a34c9eb1e0d6e10155d) Importer(815301076,1909f56bfc062723c751e8b465ee728b)
Start importing Assets/NewLayer 2.terrainlayer using Guid(6fce4297d3fd2a34c9eb1e0d6e10155d) Importer(815301076,1909f56bfc062723c751e8b465ee728b)  -> (artifact id: 'a2dd6d49ac6d8012e2705c4130aac252') in 0.055127 seconds 
  Import took 0.060332 seconds .

========================================================================
Received Import Request.
  Time since last request: 0.000627 seconds.
  path: Assets/NewLayer.terrainlayer
  artifactKey: Guid(2c80149a53e22db4ba706b2e62b9122c) Importer(815301076,1909f56bfc062723c751e8b465ee728b)
Start importing Assets/NewLayer.terrainlayer using Guid(2c80149a53e22db4ba706b2e62b9122c) Importer(815301076,1909f56bfc062723c751e8b465ee728b)  -> (artifact id: 'adf8422aced0d5c08ec4b70ffeea9e0d') in 0.050590 seconds 
  Import took 0.056527 seconds .

========================================================================
Received Import Request.
  Time since last request: 13.706315 seconds.
  path: Assets/Toby Fredson/Rocky Hills Environment - Light Pack/Textures/MRLFGenericRockGrass_Albedo.png
  artifactKey: Guid(7193a6787ada0c749b5388d7b75a3c07) Importer(815301076,1909f56bfc062723c751e8b465ee728b)
Start importing Assets/Toby Fredson/Rocky Hills Environment - Light Pack/Textures/MRLFGenericRockGrass_Albedo.png using Guid(7193a6787ada0c749b5388d7b75a3c07) Importer(815301076,1909f56bfc062723c751e8b465ee728b)  -> (artifact id: '5666709390fb059b1c934c6947dd4e87') in 0.008814 seconds 
  Import took 0.013765 seconds .

========================================================================
Received Import Request.
  Time since last request: 0.000366 seconds.
  path: Assets/Toby Fredson/Rocky Hills Environment - Light Pack/Textures/MRLFGenericRockGrass_Hight.tif
  artifactKey: Guid(ace68ecd427fd794f9857b3d39e5ebea) Importer(815301076,1909f56bfc062723c751e8b465ee728b)
Start importing Assets/Toby Fredson/Rocky Hills Environment - Light Pack/Textures/MRLFGenericRockGrass_Hight.tif using Guid(ace68ecd427fd794f9857b3d39e5ebea) Importer(815301076,1909f56bfc062723c751e8b465ee728b)  -> (artifact id: 'e482e8feee96db6bd7955ef74dc63dee') in 0.012810 seconds 
  Import took 0.016643 seconds .

========================================================================
Received Import Request.
  Time since last request: 0.000301 seconds.
  path: Assets/Toby Fredson/Rocky Hills Environment - Light Pack/Normals/MRLFGenericRockGrass_NormalB.png
  artifactKey: Guid(ea165a9df53f5814a8ca48083f1c35a7) Importer(815301076,1909f56bfc062723c751e8b465ee728b)
Start importing Assets/Toby Fredson/Rocky Hills Environment - Light Pack/Normals/MRLFGenericRockGrass_NormalB.png using Guid(ea165a9df53f5814a8ca48083f1c35a7) Importer(815301076,1909f56bfc062723c751e8b465ee728b)  -> (artifact id: '22ac0c787fe278f7452897d391b053b6') in 0.022228 seconds 
  Import took 0.027802 seconds .

========================================================================
Received Import Request.
  Time since last request: 0.000363 seconds.
  path: Assets/Toby Fredson/Rocky Hills Environment - Light Pack/Textures/MRLFGenericRockGrass_Specular.tif
  artifactKey: Guid(a0131355e59940844b7110d704f71fe5) Importer(815301076,1909f56bfc062723c751e8b465ee728b)
Start importing Assets/Toby Fredson/Rocky Hills Environment - Light Pack/Textures/MRLFGenericRockGrass_Specular.tif using Guid(a0131355e59940844b7110d704f71fe5) Importer(815301076,1909f56bfc062723c751e8b465ee728b)  -> (artifact id: '0c1c2ff85cf902ca3a91444e969c1c6c') in 0.008427 seconds 
  Import took 0.012559 seconds .

========================================================================
Received Import Request.
  Time since last request: 0.000508 seconds.
  path: Assets/Toby Fredson/Rocky Hills Environment - Light Pack/Textures/MRLFGenericRockGrass_AlbedoB.png
  artifactKey: Guid(324f22d2aab571f40aa1b1af7d698606) Importer(815301076,1909f56bfc062723c751e8b465ee728b)
Start importing Assets/Toby Fredson/Rocky Hills Environment - Light Pack/Textures/MRLFGenericRockGrass_AlbedoB.png using Guid(324f22d2aab571f40aa1b1af7d698606) Importer(815301076,1909f56bfc062723c751e8b465ee728b)  -> (artifact id: 'edde0880c8986ca37b054448caaa0374') in 0.008846 seconds 
  Import took 0.012621 seconds .

========================================================================
Received Import Request.
  Time since last request: 0.000271 seconds.
  path: Assets/Toby Fredson/Rocky Hills Environment - Light Pack/Textures/MRLFGenericRockGrass_AO.png
  artifactKey: Guid(98f193f3cc2292b47a767ad077e64146) Importer(815301076,1909f56bfc062723c751e8b465ee728b)
Start importing Assets/Toby Fredson/Rocky Hills Environment - Light Pack/Textures/MRLFGenericRockGrass_AO.png using Guid(98f193f3cc2292b47a767ad077e64146) Importer(815301076,1909f56bfc062723c751e8b465ee728b)  -> (artifact id: 'bafe4e1b213f8f87b32d3ffa9d5568fe') in 0.008228 seconds 
  Import took 0.012936 seconds .

========================================================================
Received Import Request.
  Time since last request: 0.628772 seconds.
  path: Assets/Toby Fredson/Rocky Hills Environment - Light Pack/Textures/MRLGenericGrass_AO.png
  artifactKey: Guid(9450953e9d36e2e469934613fd6893cd) Importer(815301076,1909f56bfc062723c751e8b465ee728b)
Start importing Assets/Toby Fredson/Rocky Hills Environment - Light Pack/Textures/MRLGenericGrass_AO.png using Guid(9450953e9d36e2e469934613fd6893cd) Importer(815301076,1909f56bfc062723c751e8b465ee728b)  -> (artifact id: '506cf4e7bb38c9546706bb241038cf7d') in 0.009040 seconds 
  Import took 0.014205 seconds .

========================================================================
Received Import Request.
  Time since last request: 844.604156 seconds.
  path: Assets/AAA/Waterfall
  artifactKey: Guid(752fb257c7c4cd5428c0fa24ea89d17b) Importer(815301076,1909f56bfc062723c751e8b465ee728b)
Start importing Assets/AAA/Waterfall using Guid(752fb257c7c4cd5428c0fa24ea89d17b) Importer(815301076,1909f56bfc062723c751e8b465ee728b)  -> (artifact id: '9515f445e6b5cffa6d19cd42e4c91795') in 0.003542 seconds 
  Import took 0.010058 seconds .

========================================================================
Received Import Request.
  Time since last request: 11.547060 seconds.
  path: Assets/AAA/Waterfall/WaterSurface.mat
  artifactKey: Guid(81019c2794fb90046acbe9d9ed51393b) Importer(815301076,1909f56bfc062723c751e8b465ee728b)
Start importing Assets/AAA/Waterfall/WaterSurface.mat using Guid(81019c2794fb90046acbe9d9ed51393b) Importer(815301076,1909f56bfc062723c751e8b465ee728b)  -> (artifact id: '15ea6734eef83abd506aef1dc1a1c1f3') in 0.028966 seconds 
  Import took 0.033767 seconds .

========================================================================
Received Import Request.
  Time since last request: 139.826297 seconds.
  path: Assets/AAA/Waterfall/Water.mat
  artifactKey: Guid(e002d6acfa5614d42b51aa9ae872a54b) Importer(815301076,1909f56bfc062723c751e8b465ee728b)
Start importing Assets/AAA/Waterfall/Water.mat using Guid(e002d6acfa5614d42b51aa9ae872a54b) Importer(815301076,1909f56bfc062723c751e8b465ee728b)  -> (artifact id: '00ea42b0b5f96260d31cf72152b71a94') in 0.009773 seconds 
  Import took 0.015164 seconds .

========================================================================
Received Import Request.
  Time since last request: 233.277374 seconds.
  path: Assets/AAA/Waterfall/6078508342_c198d3b05b_b.jpg
  artifactKey: Guid(269a87bd24b4b54419db97039ab08308) Importer(815301076,1909f56bfc062723c751e8b465ee728b)
Start importing Assets/AAA/Waterfall/6078508342_c198d3b05b_b.jpg using Guid(269a87bd24b4b54419db97039ab08308) Importer(815301076,1909f56bfc062723c751e8b465ee728b)  -> (artifact id: 'ca64e0f0ef81f47195744fdb3d50de79') in 0.016071 seconds 
  Import took 0.020314 seconds .

========================================================================
Received Import Request.
  Time since last request: 0.019833 seconds.
  path: Assets/AAA/Waterfall/6078508342_c198d3b05b_b.jpg
  artifactKey: Guid(269a87bd24b4b54419db97039ab08308) Importer(815301076,1909f56bfc062723c751e8b465ee728b)
Start importing Assets/AAA/Waterfall/6078508342_c198d3b05b_b.jpg using Guid(269a87bd24b4b54419db97039ab08308) Importer(815301076,1909f56bfc062723c751e8b465ee728b)  -> (artifact id: 'ca64e0f0ef81f47195744fdb3d50de79') in 0.007246 seconds 
  Import took 0.011792 seconds .

========================================================================
Received Import Request.
  Time since last request: 128.675969 seconds.
  path: Assets/AAA/Waterfall/realistic-waterfall-56959.jpg
  artifactKey: Guid(c3ec62c371e6a1e449c0c0a9daf0835e) Importer(815301076,1909f56bfc062723c751e8b465ee728b)
Start importing Assets/AAA/Waterfall/realistic-waterfall-56959.jpg using Guid(c3ec62c371e6a1e449c0c0a9daf0835e) Importer(815301076,1909f56bfc062723c751e8b465ee728b)  -> (artifact id: '3f584e102f87466309e52d3308c417ff') in 0.006415 seconds 
  Import took 0.010580 seconds .

========================================================================
Received Import Request.
  Time since last request: 226.389666 seconds.
  path: Assets/AAA/Waterfall/png-transparent-water-white-white-water-texture-white-winter.png
  artifactKey: Guid(1c5b41e0c0c719c488ce2b46151b8bfb) Importer(815301076,1909f56bfc062723c751e8b465ee728b)
Start importing Assets/AAA/Waterfall/png-transparent-water-white-white-water-texture-white-winter.png using Guid(1c5b41e0c0c719c488ce2b46151b8bfb) Importer(815301076,1909f56bfc062723c751e8b465ee728b)  -> (artifact id: '4d86e2df040ec81768fba61e9f43586d') in 0.006960 seconds 
  Import took 0.011207 seconds .

========================================================================
Received Import Request.
  Time since last request: 119.597127 seconds.
  path: Assets/AAA/Waterfall/png-transparent-water-white-white-water-texture-white-winter 1.png
  artifactKey: Guid(fd133badfaa486f42a777b3f67a14e69) Importer(815301076,1909f56bfc062723c751e8b465ee728b)
Start importing Assets/AAA/Waterfall/png-transparent-water-white-white-water-texture-white-winter 1.png using Guid(fd133badfaa486f42a777b3f67a14e69) Importer(815301076,1909f56bfc062723c751e8b465ee728b)  -> (artifact id: 'aea42c4728941ee96e7215684171087f') in 0.006466 seconds 
  Import took 0.011233 seconds .

========================================================================
Received Import Request.
  Time since last request: 14.367947 seconds.
  path: Assets/AAA/Waterfall/Ekran grnts 2021-11-10 153835.png
  artifactKey: Guid(31850a763e730224190439092e5c36cd) Importer(815301076,1909f56bfc062723c751e8b465ee728b)
Start importing Assets/AAA/Waterfall/Ekran grnts 2021-11-10 153835.png using Guid(31850a763e730224190439092e5c36cd) Importer(815301076,1909f56bfc062723c751e8b465ee728b)  -> (artifact id: '713d9d1a5320b196acc322e18dcc0ffe') in 0.008892 seconds 
  Import took 0.014320 seconds .

========================================================================
Received Import Request.
  Time since last request: 2393.264602 seconds.
  path: Assets/AAA/Waterfall/Water.mat
  artifactKey: Guid(e002d6acfa5614d42b51aa9ae872a54b) Importer(815301076,1909f56bfc062723c751e8b465ee728b)
Start importing Assets/AAA/Waterfall/Water.mat using Guid(e002d6acfa5614d42b51aa9ae872a54b) Importer(815301076,1909f56bfc062723c751e8b465ee728b)  -> (artifact id: '5b2ada9cbe549cd9b47e15bdad269846') in 0.072543 seconds 
  Import took 0.078254 seconds .

========================================================================
Received Import Request.
  Time since last request: 0.000428 seconds.
  path: Assets/AAA/Waterfall/WaterSurface.mat
  artifactKey: Guid(81019c2794fb90046acbe9d9ed51393b) Importer(815301076,1909f56bfc062723c751e8b465ee728b)
Start importing Assets/AAA/Waterfall/WaterSurface.mat using Guid(81019c2794fb90046acbe9d9ed51393b) Importer(815301076,1909f56bfc062723c751e8b465ee728b)  -> (artifact id: 'bbd224d449435bcfc20b3db5a7acd213') in 0.019844 seconds 
  Import took 0.024752 seconds .

========================================================================
Received Import Request.
  Time since last request: 7.000041 seconds.
  path: Assets/AAA/Waterfall/WaterDust.mat
  artifactKey: Guid(cdc16eac4b75a93479702bc23c47c799) Importer(815301076,1909f56bfc062723c751e8b465ee728b)
Start importing Assets/AAA/Waterfall/WaterDust.mat using Guid(cdc16eac4b75a93479702bc23c47c799) Importer(815301076,1909f56bfc062723c751e8b465ee728b)  -> (artifact id: '2189a16558d9e9be7fa9be845a5a2f8d') in 0.011163 seconds 
  Import took 0.016343 seconds .

========================================================================
Received Import Request.
  Time since last request: 114.252525 seconds.
  path: Assets/AAA/Waterfall/vpqydtzsjb9brno9xixbvzmhljpdr9ruidugda0pc77bl0qenvibac1hflbly73w-.jpg
  artifactKey: Guid(229555ad614bc73408794a6bf59f84ba) Importer(815301076,1909f56bfc062723c751e8b465ee728b)
Start importing Assets/AAA/Waterfall/vpqydtzsjb9brno9xixbvzmhljpdr9ruidugda0pc77bl0qenvibac1hflbly73w-.jpg using Guid(229555ad614bc73408794a6bf59f84ba) Importer(815301076,1909f56bfc062723c751e8b465ee728b)  -> (artifact id: '6e901c167186622a3c8a9e7e594f5cd8') in 0.013019 seconds 
  Import took 0.017682 seconds .

========================================================================
Received Import Request.
  Time since last request: 870.648584 seconds.
  path: Assets/AAA/Waterfall/Water.mat
  artifactKey: Guid(e002d6acfa5614d42b51aa9ae872a54b) Importer(815301076,1909f56bfc062723c751e8b465ee728b)
Start importing Assets/AAA/Waterfall/Water.mat using Guid(e002d6acfa5614d42b51aa9ae872a54b) Importer(815301076,1909f56bfc062723c751e8b465ee728b)  -> (artifact id: 'e004a4792af12ab094ece537f3d50442') in 0.011404 seconds 
  Import took 0.017180 seconds .

========================================================================
Received Import Request.
  Time since last request: 0.000462 seconds.
  path: Assets/AAA/Waterfall/WaterDust.mat
  artifactKey: Guid(cdc16eac4b75a93479702bc23c47c799) Importer(815301076,1909f56bfc062723c751e8b465ee728b)
Start importing Assets/AAA/Waterfall/WaterDust.mat using Guid(cdc16eac4b75a93479702bc23c47c799) Importer(815301076,1909f56bfc062723c751e8b465ee728b)  -> (artifact id: '049a231e9e5d06566162b037eea55cce') in 0.015598 seconds 
  Import took 0.020053 seconds .

========================================================================
Received Prepare
Registering precompiled user dll's ...
Registered in 0.005151 seconds.
Begin MonoManager ReloadAssembly
Native extension for WindowsStandalone target not found
Refreshing native plugins compatible for Editor in 0.38 ms, found 2 plugins.
Preloading 0 native plugins for Editor in 0.00 ms.
Mono: successfully reloaded assembly
- Completed reload, in  1.656 seconds
Domain Reload Profiling:
	ReloadAssembly (1658ms)
		BeginReloadAssembly (232ms)
			ExecutionOrderSort (0ms)
			DisableScriptedObjects (13ms)
			BackupInstance (0ms)
			ReleaseScriptingObjects (0ms)
			CreateAndSetChildDomain (95ms)
		EndReloadAssembly (1350ms)
			LoadAssemblies (98ms)
			RebuildTransferFunctionScriptingTraits (0ms)
			SetupTypeCache (285ms)
			ReleaseScriptCaches (1ms)
			RebuildScriptCaches (47ms)
			SetupLoadedEditorAssemblies (809ms)
				LogAssemblyErrors (0ms)
				InitializePlatformSupportModulesInManaged (7ms)
				SetLoadedEditorAssemblies (1ms)
				RefreshPlugins (1ms)
				BeforeProcessingInitializeOnLoad (98ms)
				ProcessInitializeOnLoadAttributes (692ms)
				ProcessInitializeOnLoadMethodAttributes (4ms)
				AfterProcessingInitializeOnLoad (6ms)
				EditorAssembliesLoaded (0ms)
			ExecutionOrderSort2 (0ms)
			AwakeInstancesAfterBackupRestoration (7ms)
Platform modules already initialized, skipping
Refreshing native plugins compatible for Editor in 0.37 ms, found 2 plugins.
Preloading 0 native plugins for Editor in 0.00 ms.
Unloading 1558 Unused Serialized files (Serialized files now loaded: 0)
System memory in use before: 116.1 MB.
System memory in use after: 116.1 MB.

Unloading 15 unused Assets to reduce memory usage. Loaded Objects now: 2138.
Total: 3.099000 ms (FindLiveObjects: 0.159900 ms CreateObjectMapping: 0.046000 ms MarkObjects: 2.762100 ms  DeleteObjects: 0.130300 ms)

AssetImportParameters requested are different than current active one (requested -> active):
  custom:framework-win-MediaFoundation: 216162199b28c13a410421893ffa2e32 -> 
  custom:video-decoder-ogg-theora: a1e56fd34408186e4bbccfd4996cb3dc -> 
  custom:container-muxer-webm: aa71ff27fc2769a1b78a27578f13a17b -> 
  custom:container-demuxer-webm: 4f35f7cbe854078d1ac9338744f61a02 -> 
  custom:container-demuxer-ogg: 62fdf1f143b41e24485cea50d1cbac27 -> 
  custom:video-encoder-webm-vp8: eb34c28f22e8b96e1ab97ce403110664 -> 
  custom:video-decoder-webm-vp8: 9c59270c3fd7afecdb556c50c9e8de78 -> 
  custom:audio-decoder-ogg-vorbis: bf7c407c2cedff20999df2af8eb42d56 -> 
  custom:audio-encoder-webm-vorbis: bf7c407c2cedff20999df2af8eb42d56 -> 
